<?xml version="1.0" encoding="UTF-8"?>
<!-- Generated by org.testng.reporters.JUnitReportReporter -->
<testsuite skipped="0" hostname="LAPTOP-G86UJ60N" name="apiRestAssuredDemo.DynamicJson" tests="3" failures="0" timestamp="2020-04-28T20:01:03 CEST" time="3.764" errors="0">
  <testcase name="addBook" time="1.001" classname="apiRestAssuredDemo.DynamicJson"/>
  <system-out/>
  <testcase name="addBook" time="2.266" classname="apiRestAssuredDemo.DynamicJson"/>
  <system-out/>
  <testcase name="addBook" time="0.497" classname="apiRestAssuredDemo.DynamicJson"/>
  <system-out/>
</testsuite> <!-- apiRestAssuredDemo.DynamicJson -->
