<?xml version="1.0" encoding="UTF-8"?>
<!-- Generated by org.testng.reporters.JUnitReportReporter -->
<testsuite skipped="0" hostname="LAPTOP-G86UJ60N" name="apiRestAssuredDemo.StaticJson" tests="1" failures="0" timestamp="2020-04-28T20:30:55 CEST" time="6.117" errors="0">
  <testcase name="addBook" time="6.117" classname="apiRestAssuredDemo.StaticJson"/>
  <system-out/>
</testsuite> <!-- apiRestAssuredDemo.StaticJson -->
