<?xml version="1.0" encoding="UTF-8"?>
<!-- Generated by org.testng.reporters.JUnitReportReporter -->
<testsuite skipped="0" hostname="LAPTOP-G86UJ60N" name="apiRestAssuredDemo.Validations" tests="1" failures="0" timestamp="2020-04-28T18:51:24 CEST" time="0.881" errors="0">
  <testcase name="sumOfCourses" time="0.881" classname="apiRestAssuredDemo.Validations"/>
  <system-out/>
</testsuite> <!-- apiRestAssuredDemo.Validations -->
